<?xml version="1.0" encoding="UTF-8"?>
<!-- Generated by org.testng.reporters.JUnitReportReporter -->
<testsuite skipped="0" hostname="Ankit-PC" name="com.flipkart.qa.tests.LoginPageTest" tests="3" failures="0" timestamp="2020-08-08T23:02:14 IST" time="33.667" errors="0">
  <testcase name="loginPageTitleTest" time="9.783" classname="com.flipkart.qa.tests.LoginPageTest"/>
  <system-out/>
  <testcase name="flipkartLogoTest" time="12.661" classname="com.flipkart.qa.tests.LoginPageTest"/>
  <system-out/>
  <testcase name="loginTest" time="11.223" classname="com.flipkart.qa.tests.LoginPageTest"/>
  <system-out/>
</testsuite> <!-- com.flipkart.qa.tests.LoginPageTest -->
