<?xml version="1.0" encoding="UTF-8"?>
<!-- Generated by org.testng.reporters.JUnitReportReporter -->
<testsuite skipped="0" hostname="Ankit-PC" name="com.flipkart.qa.tests.ManageAddressesPageTest" tests="3" failures="0" timestamp="2020-08-05T15:19:43 IST" time="48.393" errors="0">
  <testcase name="validateaddNewAddressTest" time="14.774" classname="com.flipkart.qa.tests.ManageAddressesPageTest"/>
  <system-out/>
  <testcase name="validateaddNewAddressTest" time="16.219" classname="com.flipkart.qa.tests.ManageAddressesPageTest"/>
  <system-out/>
  <testcase name="validateaddNewAddressTest" time="17.400" classname="com.flipkart.qa.tests.ManageAddressesPageTest"/>
  <system-out/>
</testsuite> <!-- com.flipkart.qa.tests.ManageAddressesPageTest -->
