<?xml version="1.0" encoding="UTF-8"?>
<!-- Generated by org.testng.reporters.JUnitReportReporter -->
<testsuite skipped="0" hostname="Ankit-PC" name="com.flipkart.qa.tests.ManageAddressesPageTest" tests="3" failures="0" timestamp="2020-08-08T23:02:14 IST" time="46.443" errors="0">
  <testcase name="validateaddNewAddressTest" time="15.646" classname="com.flipkart.qa.tests.ManageAddressesPageTest"/>
  <system-out/>
  <testcase name="validateaddNewAddressTest" time="15.856" classname="com.flipkart.qa.tests.ManageAddressesPageTest"/>
  <system-out/>
  <testcase name="validateaddNewAddressTest" time="14.941" classname="com.flipkart.qa.tests.ManageAddressesPageTest"/>
  <system-out/>
</testsuite> <!-- com.flipkart.qa.tests.ManageAddressesPageTest -->
