<?xml version="1.0" encoding="UTF-8"?>
<!-- Generated by org.testng.reporters.JUnitReportReporter -->
<testsuite skipped="0" hostname="Ankit-PC" name="com.flipkart.qa.tests.MyProfilePageTest" tests="2" failures="0" timestamp="2020-08-08T23:02:14 IST" time="26.169" errors="0">
  <testcase name="validateManageAddressesLinkTest" time="12.760" classname="com.flipkart.qa.tests.MyProfilePageTest"/>
  <system-out/>
  <testcase name="clickOnManageAddressesLinkTest" time="13.409" classname="com.flipkart.qa.tests.MyProfilePageTest"/>
  <system-out/>
</testsuite> <!-- com.flipkart.qa.tests.MyProfilePageTest -->
