<?xml version="1.0" encoding="UTF-8"?>
<!-- Generated by org.testng.reporters.JUnitReportReporter -->
<testsuite skipped="0" hostname="Ankit-PC" name="com.flipkart.qa.tests.MyProfilePageTest" tests="2" failures="0" timestamp="2020-08-02T23:36:37 IST" time="28.413" errors="0">
  <testcase name="validateManageAddressesLinkTest" time="15.101" classname="com.flipkart.qa.tests.MyProfilePageTest"/>
  <system-out/>
  <testcase name="clickOnManageAddressesLinkTest" time="13.312" classname="com.flipkart.qa.tests.MyProfilePageTest"/>
  <system-out/>
</testsuite> <!-- com.flipkart.qa.tests.MyProfilePageTest -->
