<?xml version="1.0" encoding="UTF-8"?>
<!-- Generated by org.testng.reporters.JUnitReportReporter -->
<testsuite skipped="0" hostname="Ankit-PC" name="com.flipkart.qa.tests.LoginPageTest" tests="3" failures="0" timestamp="2020-07-11T18:01:13 IST" time="36.383" errors="0">
  <testcase name="loginPageTitleTest" time="13.200" classname="com.flipkart.qa.tests.LoginPageTest"/>
  <system-out/>
  <testcase name="flipkartLogoTest" time="11.964" classname="com.flipkart.qa.tests.LoginPageTest"/>
  <system-out/>
  <testcase name="loginTest" time="11.219" classname="com.flipkart.qa.tests.LoginPageTest"/>
  <system-out/>
</testsuite> <!-- com.flipkart.qa.tests.LoginPageTest -->
