<?xml version="1.0" encoding="UTF-8"?>
<!-- Generated by org.testng.reporters.JUnitReportReporter -->
<testsuite skipped="0" hostname="Ankit-PC" name="com.flipkart.qa.tests.LoginPageTest" tests="3" failures="0" timestamp="2020-07-11T23:25:14 IST" time="33.704" errors="0">
  <testcase name="loginPageTitleTest" time="12.207" classname="com.flipkart.qa.tests.LoginPageTest"/>
  <system-out/>
  <testcase name="flipkartLogoTest" time="10.088" classname="com.flipkart.qa.tests.LoginPageTest"/>
  <system-out/>
  <testcase name="loginTest" time="11.409" classname="com.flipkart.qa.tests.LoginPageTest"/>
  <system-out/>
</testsuite> <!-- com.flipkart.qa.tests.LoginPageTest -->
