<?xml version="1.0" encoding="UTF-8"?>
<!-- Generated by org.testng.reporters.JUnitReportReporter -->
<testsuite skipped="0" hostname="Ankit-PC" name="com.flipkart.qa.tests.LoginPageTest" tests="3" failures="0" timestamp="2020-07-25T22:12:25 IST" time="38.050" errors="0">
  <testcase name="loginPageTitleTest" time="10.673" classname="com.flipkart.qa.tests.LoginPageTest"/>
  <system-out/>
  <testcase name="flipkartLogoTest" time="15.865" classname="com.flipkart.qa.tests.LoginPageTest"/>
  <system-out/>
  <testcase name="loginTest" time="11.512" classname="com.flipkart.qa.tests.LoginPageTest"/>
  <system-out/>
</testsuite> <!-- com.flipkart.qa.tests.LoginPageTest -->
